  Source.cpp
e:\users\masamin\documents\visual studio 2015\projects\consoleapplication4\consoleapplication4\source.cpp(218): error C2561: 'Input_Board': 関数が値を戻すように宣言されていますが、関数定義に 'return' ステートメントがありません。
  e:\users\masamin\documents\visual studio 2015\projects\consoleapplication4\consoleapplication4\source.cpp(46): note: 'Input_Board' の宣言を確認してください
e:\users\masamin\documents\visual studio 2015\projects\consoleapplication4\consoleapplication4\source.cpp(55): error C4996: 'scanf': This function or variable may be unsafe. Consider using scanf_s instead. To disable deprecation, use _CRT_SECURE_NO_WARNINGS. See online help for details.
  c:\program files (x86)\windows kits\10\include\10.0.10240.0\ucrt\stdio.h(1270): note: 'scanf' の宣言を確認してください
e:\users\masamin\documents\visual studio 2015\projects\consoleapplication4\consoleapplication4\source.cpp(58): error C4996: 'fopen': This function or variable may be unsafe. Consider using fopen_s instead. To disable deprecation, use _CRT_SECURE_NO_WARNINGS. See online help for details.
  c:\program files (x86)\windows kits\10\include\10.0.10240.0\ucrt\stdio.h(205): note: 'fopen' の宣言を確認してください
e:\users\masamin\documents\visual studio 2015\projects\consoleapplication4\consoleapplication4\source.cpp(72): error C4996: 'fscanf': This function or variable may be unsafe. Consider using fscanf_s instead. To disable deprecation, use _CRT_SECURE_NO_WARNINGS. See online help for details.
  c:\program files (x86)\windows kits\10\include\10.0.10240.0\ucrt\stdio.h(1193): note: 'fscanf' の宣言を確認してください
e:\users\masamin\documents\visual studio 2015\projects\consoleapplication4\consoleapplication4\source.cpp(477): error C2561: 'Find_Win_Point': 関数が値を戻すように宣言されていますが、関数定義に 'return' ステートメントがありません。
  e:\users\masamin\documents\visual studio 2015\projects\consoleapplication4\consoleapplication4\source.cpp(463): note: 'Find_Win_Point' の宣言を確認してください
e:\users\masamin\documents\visual studio 2015\projects\consoleapplication4\consoleapplication4\source.cpp(487): error C2561: 'Find_Win_Point': 関数が値を戻すように宣言されていますが、関数定義に 'return' ステートメントがありません。
  e:\users\masamin\documents\visual studio 2015\projects\consoleapplication4\consoleapplication4\source.cpp(463): note: 'Find_Win_Point' の宣言を確認してください
e:\users\masamin\documents\visual studio 2015\projects\consoleapplication4\consoleapplication4\source.cpp(497): error C2561: 'Find_Win_Point': 関数が値を戻すように宣言されていますが、関数定義に 'return' ステートメントがありません。
  e:\users\masamin\documents\visual studio 2015\projects\consoleapplication4\consoleapplication4\source.cpp(463): note: 'Find_Win_Point' の宣言を確認してください
e:\users\masamin\documents\visual studio 2015\projects\consoleapplication4\consoleapplication4\source.cpp(507): error C2561: 'Find_Win_Point': 関数が値を戻すように宣言されていますが、関数定義に 'return' ステートメントがありません。
  e:\users\masamin\documents\visual studio 2015\projects\consoleapplication4\consoleapplication4\source.cpp(463): note: 'Find_Win_Point' の宣言を確認してください
e:\users\masamin\documents\visual studio 2015\projects\consoleapplication4\consoleapplication4\source.cpp(517): error C2561: 'Find_Win_Point': 関数が値を戻すように宣言されていますが、関数定義に 'return' ステートメントがありません。
  e:\users\masamin\documents\visual studio 2015\projects\consoleapplication4\consoleapplication4\source.cpp(463): note: 'Find_Win_Point' の宣言を確認してください
e:\users\masamin\documents\visual studio 2015\projects\consoleapplication4\consoleapplication4\source.cpp(527): error C2561: 'Find_Win_Point': 関数が値を戻すように宣言されていますが、関数定義に 'return' ステートメントがありません。
  e:\users\masamin\documents\visual studio 2015\projects\consoleapplication4\consoleapplication4\source.cpp(463): note: 'Find_Win_Point' の宣言を確認してください
e:\users\masamin\documents\visual studio 2015\projects\consoleapplication4\consoleapplication4\source.cpp(537): error C2561: 'Find_Win_Point': 関数が値を戻すように宣言されていますが、関数定義に 'return' ステートメントがありません。
  e:\users\masamin\documents\visual studio 2015\projects\consoleapplication4\consoleapplication4\source.cpp(463): note: 'Find_Win_Point' の宣言を確認してください
e:\users\masamin\documents\visual studio 2015\projects\consoleapplication4\consoleapplication4\source.cpp(547): error C2561: 'Find_Win_Point': 関数が値を戻すように宣言されていますが、関数定義に 'return' ステートメントがありません。
  e:\users\masamin\documents\visual studio 2015\projects\consoleapplication4\consoleapplication4\source.cpp(463): note: 'Find_Win_Point' の宣言を確認してください
